make all --print-data-base --no-builtin-variables --no-builtin-rules --question
# GNU Make 4.3
# Built for x86_64-redhat-linux-gnu
# Copyright (C) 1988-2020 Free Software Foundation, Inc.
# License GPLv3+: GNU GPL version 3 or later <http://gnu.org/licenses/gpl.html>
# This is free software: you are free to change and redistribute it.
# There is NO WARRANTY, to the extent permitted by law.

# Make data base, printed on Tue May 31 21:04:37 2022

# Variables

# environment
JAVA_HOME = /usr/lib/jvm/java-18-openjdk-18.0.1.0.10-1.rolling.fc34.x86_64
# environment
LC_ALL = C
# environment
LMOD_SETTARG_FULL_SUPPORT = no
# environment
VSCODE_CWD = /cs/student/vedantshah
# default
MAKE_COMMAND := make
# environment
VSCODE_HANDLES_SIGPIPE = true
# environment
FPATH = /usr/share/lmod/lmod/init/ksh_funcs
# environment
LMOD_ROOT = /usr/share/lmod
# environment
define BASH_FUNC_which%%
() {  ( alias;
 eval ${which_declare} ) | /usr/bin/which --tty-only --read-alias --read-functions --show-tilde --show-dot "$@"
}
endef
# automatic
@D = $(patsubst %/,%,$(dir $@))
# environment
VSCODE_HANDLES_UNCAUGHT_ERRORS = true
# default
.VARIABLES := 
# environment
PWD = /cs/student/vedantshah/cs24/pa02-vedantshah99
# automatic
%D = $(patsubst %/,%,$(dir $%))
# environment
HOSTNAME = csilvm-12.cs.ucsb.edu
# environment
MAIL = /var/spool/mail/vedantshah
# environment
XDG_DATA_DIRS = /cs/student/vedantshah/.local/share/flatpak/exports/share:/var/lib/flatpak/exports/share:/usr/local/share:/usr/share:/var/lib/snapd/desktop
# automatic
^D = $(patsubst %/,%,$(dir $^))
# environment
VSCODE_LOG_STACK = false
# automatic
%F = $(notdir $%)
# environment
LANG = C
# default
.LOADED := 
# default
.INCLUDE_DIRS = /usr/include /usr/local/include /usr/include
# environment
LMOD_CMD = /usr/share/lmod/lmod/libexec/lmod
# makefile
MAKEFLAGS = pqrR
# makefile
CURDIR := /cs/student/vedantshah/cs24/pa02-vedantshah99
# environment
define BASH_FUNC_module%%
() {  eval $($LMOD_CMD bash "$@") && eval $(${LMOD_SETTARG_CMD:-:} -s sh)
}
endef
# environment
VSCODE_PIPE_LOGGING = true
# environment
APPLICATION_INSIGHTS_NO_DIAGNOSTIC_CHANNEL = true
# environment
LMOD_DIR = /usr/share/lmod/lmod/libexec
# environment
LESSOPEN = ||/usr/bin/lesspipe.sh %s
# automatic
*D = $(patsubst %/,%,$(dir $*))
# environment
MFLAGS = -pqrR
# default
.SHELLFLAGS := -c
# environment
HISTSIZE = 1000
# automatic
+D = $(patsubst %/,%,$(dir $+))
# makefile (from 'Makefile', line 1)
MAKEFILE_LIST := Makefile
# environment
CONDA_SHLVL = 0
# automatic
@F = $(notdir $@)
# environment
VSCODE_VERBOSE_LOGGING = true
# environment
XDG_SESSION_TYPE = tty
# automatic
?D = $(patsubst %/,%,$(dir $?))
# automatic
*F = $(notdir $*)
# environment
MANPATH = /usr/share/lmod/lmod/share/man:
# environment
MODULEPATH = /etc/modulefiles:/usr/share/modulefiles:/usr/share/modulefiles/Linux:/usr/share/modulefiles/Core:/usr/share/lmod/lmod/modulefiles/Core
# environment
DBUS_SESSION_BUS_ADDRESS = unix:path=/run/user/43548/bus
# automatic
<D = $(patsubst %/,%,$(dir $<))
# environment
VSCODE_NLS_CONFIG = {"locale":"en","availableLanguages":{}}
# environment
define BASH_FUNC_ml%%
() {  eval $($LMOD_DIR/ml_cmd "$@")
}
endef
# default
MAKE_HOST := x86_64-redhat-linux-gnu
# makefile
SHELL = /bin/sh
# default
MAKECMDGOALS := all
# environment
SHLVL = 1
# environment
MAKELEVEL := 0
# default
MAKE = $(MAKE_COMMAND)
# environment
PATH = /cs/student/vedantshah/.vscode-server/bin/c3511e6c69bb39013c4a4b7b9566ec1ca73fc4d5/bin/remote-cli:/cs/student/vedantshah/.local/bin:/cs/student/vedantshah/bin:/usr/condabin:/usr/lib64/ccache:/usr/local/bin:/usr/bin:/usr/local/sbin:/usr/sbin:/var/lib/snapd/snap/bin
# environment
MOZ_GMP_PATH = /usr/lib64/mozilla/plugins/gmp-gmpopenh264/system-installed
# default
MAKEFILES := 
# environment
MODULESHOME = /usr/share/lmod/lmod
# automatic
^F = $(notdir $^)
# environment
LMOD_sys = Linux
# environment
SSH_CLIENT = 128.111.27.247 39374 2022
# environment
VSCODE_LOG_NATIVE = false
# automatic
?F = $(notdir $?)
# environment
__LMOD_SET_FPATH = 1
# environment
KDEDIRS = /usr
# automatic
+F = $(notdir $+)
# 'override' directive
GNUMAKEFLAGS := 
# environment
BROWSER = /cs/student/vedantshah/.vscode-server/bin/c3511e6c69bb39013c4a4b7b9566ec1ca73fc4d5/bin/helpers/browser.sh
# environment
LOGNAME = vedantshah
# environment
BASH_ENV = /usr/share/lmod/lmod/init/bash
# makefile
.DEFAULT_GOAL := all
# environment
MODULEPATH_ROOT = /usr/share/modulefiles
# environment
HISTCONTROL = ignoredups
# environment
EDITOR = /usr/bin/nano
# environment
USER = vedantshah
# default
MAKE_VERSION := 4.3
# environment
which_declare = declare -f
# environment
VSCODE_EXTHOST_WILL_SEND_SOCKET = true
# environment
CVS_RSH = ssh
# environment
VSCODE_AGENT_FOLDER = /cs/student/vedantshah/.vscode-server
# environment
_ = /usr/bin/make
# environment
XDG_RUNTIME_DIR = /run/user/43548
# environment
S_COLORS = auto
# environment
VSCODE_IPC_HOOK_CLI = /run/user/43548/vscode-ipc-b54874fe-f1af-4f34-91c6-0c60eb088d76.sock
# environment
XDG_SESSION_CLASS = user
# environment
VSCODE_AMD_ENTRYPOINT = vs/workbench/api/node/extensionHostProcess
# environment
HOME = /cs/student/vedantshah
# environment
MATHEMATICA_HOME = /usr/local/Wolfram/Mathematica/12.3
# environment
XDG_SESSION_ID = 37
# default
.RECIPEPREFIX := 
# automatic
<F = $(notdir $<)
# default
SUFFIXES := 
# environment
LMOD_PKG = /usr/share/lmod/lmod
# default
.FEATURES := target-specific order-only second-expansion else-if shortest-stem undefine oneshell nocomment grouped-target extra-prereqs archives jobserver output-sync check-symlink guile load
# environment
LMOD_VERSION = 8.4.23
# environment
SSH_CONNECTION = 128.111.27.247 39374 128.111.30.212 2022
# variable set hash-table stats:
# Load=97/1024=9%, Rehash=0, Collisions=5/127=4%

# Pattern-specific Variable Values

# No pattern-specific variable values.

# Directories

# . (device 51, inode 11188296553): 17 files, no impossibilities.

# 17 files, no impossibilities in 1 directories.

# Implicit Rules

# No implicit rules.

# Files

# Not a target:
Makefile:
#  Implicit rule search has been done.
#  Last modified 2022-05-29 03:14:45.631294522
#  File has been updated.
#  Successfully updated.

clean:
#  Implicit rule search has not been done.
#  Modification time never checked.
#  File has not been updated.
#  recipe to execute (from 'Makefile', line 7):
	remove *.o runMovies

# Not a target:
.DEFAULT:
#  Implicit rule search has not been done.
#  Modification time never checked.
#  File has not been updated.

all: runMovies
#  Command line target.
#  Implicit rule search has been done.
#  File does not exist.
#  File has been updated.
#  Successfully updated.

# Not a target:
main.cpp:
#  Implicit rule search has been done.
#  Last modified 2022-05-31 09:50:32.178114235
#  File has been updated.
#  Successfully updated.

# Not a target:
movies.o:
#  Implicit rule search has been done.
#  Last modified 2022-05-31 09:49:17.040869389
#  File has been updated.
#  Successfully updated.

runMovies: main.cpp movies.o
#  Implicit rule search has not been done.
#  Last modified 2022-05-31 09:50:35.071969609
#  File has been updated.
#  Successfully updated.
#  recipe to execute (from 'Makefile', line 4):
	g++ -std=c++11 main.cpp movies.o -o runMovies

# files hash-table stats:
# Load=8/1024=1%, Rehash=0, Collisions=0/23=0%
# VPATH Search Paths

# No 'vpath' search paths.

# No general ('VPATH' variable) search path.

# strcache buffers: 1 (0) / strings = 23 / storage = 273 B / avg = 11 B
# current buf: size = 8162 B / used = 273 B / count = 23 / avg = 11 B

# strcache performance: lookups = 35 / hit rate = 34%
# hash-table stats:
# Load=23/8192=0%, Rehash=0, Collisions=0/35=0%
# Finished Make data base on Tue May 31 21:04:37 2022

 
